
Report Summary

┌──────────────────────────────────────────────────────────────────────────────────┬────────┬─────────────────┬─────────┐
│                                      Target                                      │  Type  │ Vulnerabilities │ Secrets │
├──────────────────────────────────────────────────────────────────────────────────┼────────┼─────────────────┼─────────┤
│ docker.io/universalresolver/driver-did-dns (alpine 3.19.1)                       │ alpine │       63        │    -    │
├──────────────────────────────────────────────────────────────────────────────────┼────────┼─────────────────┼─────────┤
│ usr/local/jetty/lib/annotations/asm-9.6.jar                                      │  jar   │        0        │    -    │
├──────────────────────────────────────────────────────────────────────────────────┼────────┼─────────────────┼─────────┤
│ usr/local/jetty/lib/annotations/asm-analysis-9.6.jar                             │  jar   │        0        │    -    │
├──────────────────────────────────────────────────────────────────────────────────┼────────┼─────────────────┼─────────┤
│ usr/local/jetty/lib/annotations/asm-commons-9.6.jar                              │  jar   │        0        │    -    │
├──────────────────────────────────────────────────────────────────────────────────┼────────┼─────────────────┼─────────┤
│ usr/local/jetty/lib/annotations/asm-tree-9.6.jar                                 │  jar   │        0        │    -    │
├──────────────────────────────────────────────────────────────────────────────────┼────────┼─────────────────┼─────────┤
│ usr/local/jetty/lib/annotations/jakarta.annotation-api-2.1.1.jar                 │  jar   │        0        │    -    │
├──────────────────────────────────────────────────────────────────────────────────┼────────┼─────────────────┼─────────┤
│ usr/local/jetty/lib/apache-jsp/org.eclipse.jdt.ecj-3.33.0.jar                    │  jar   │        0        │    -    │
├──────────────────────────────────────────────────────────────────────────────────┼────────┼─────────────────┼─────────┤
│ usr/local/jetty/lib/apache-jsp/org.eclipse.jetty.apache-jsp-11.0.20.jar          │  jar   │        0        │    -    │
├──────────────────────────────────────────────────────────────────────────────────┼────────┼─────────────────┼─────────┤
│ usr/local/jetty/lib/apache-jsp/org.mortbay.jasper.apache-el-10.0.27.jar          │  jar   │        0        │    -    │
├──────────────────────────────────────────────────────────────────────────────────┼────────┼─────────────────┼─────────┤
│ usr/local/jetty/lib/apache-jsp/org.mortbay.jasper.apache-jsp-10.0.27.jar         │  jar   │        0        │    -    │
├──────────────────────────────────────────────────────────────────────────────────┼────────┼─────────────────┼─────────┤
│ usr/local/jetty/lib/fcgi/fcgi-client-11.0.20.jar                                 │  jar   │        0        │    -    │
├──────────────────────────────────────────────────────────────────────────────────┼────────┼─────────────────┼─────────┤
│ usr/local/jetty/lib/fcgi/fcgi-server-11.0.20.jar                                 │  jar   │        0        │    -    │
├──────────────────────────────────────────────────────────────────────────────────┼────────┼─────────────────┼─────────┤
│ usr/local/jetty/lib/glassfish-jstl/jakarta.servlet.jsp.jstl.jakarta.servlet.jsp- │  jar   │        0        │    -    │
│ .jstl-api-2.0.0.jar                                                              │        │                 │         │
├──────────────────────────────────────────────────────────────────────────────────┼────────┼─────────────────┼─────────┤
│ usr/local/jetty/lib/glassfish-jstl/org.glassfish.web.jakarta.servlet.jsp.jstl-2- │  jar   │        0        │    -    │
│ .0.0.jar                                                                         │        │                 │         │
├──────────────────────────────────────────────────────────────────────────────────┼────────┼─────────────────┼─────────┤
│ usr/local/jetty/lib/http2/http2-common-11.0.20.jar                               │  jar   │        0        │    -    │
├──────────────────────────────────────────────────────────────────────────────────┼────────┼─────────────────┼─────────┤
│ usr/local/jetty/lib/http2/http2-hpack-11.0.20.jar                                │  jar   │        0        │    -    │
├──────────────────────────────────────────────────────────────────────────────────┼────────┼─────────────────┼─────────┤
│ usr/local/jetty/lib/http2/http2-server-11.0.20.jar                               │  jar   │        0        │    -    │
├──────────────────────────────────────────────────────────────────────────────────┼────────┼─────────────────┼─────────┤
│ usr/local/jetty/lib/http3/http3-common-11.0.20.jar                               │  jar   │        0        │    -    │
├──────────────────────────────────────────────────────────────────────────────────┼────────┼─────────────────┼─────────┤
│ usr/local/jetty/lib/http3/http3-qpack-11.0.20.jar                                │  jar   │        0        │    -    │
├──────────────────────────────────────────────────────────────────────────────────┼────────┼─────────────────┼─────────┤
│ usr/local/jetty/lib/http3/http3-server-11.0.20.jar                               │  jar   │        0        │    -    │
├──────────────────────────────────────────────────────────────────────────────────┼────────┼─────────────────┼─────────┤
│ usr/local/jetty/lib/http3/quic-common-11.0.20.jar                                │  jar   │        0        │    -    │
├──────────────────────────────────────────────────────────────────────────────────┼────────┼─────────────────┼─────────┤
│ usr/local/jetty/lib/http3/quic-quiche-common-11.0.20.jar                         │  jar   │        0        │    -    │
├──────────────────────────────────────────────────────────────────────────────────┼────────┼─────────────────┼─────────┤
│ usr/local/jetty/lib/http3/quic-quiche-jna-11.0.20.jar                            │  jar   │        0        │    -    │
├──────────────────────────────────────────────────────────────────────────────────┼────────┼─────────────────┼─────────┤
│ usr/local/jetty/lib/http3/quic-server-11.0.20.jar                                │  jar   │        0        │    -    │
├──────────────────────────────────────────────────────────────────────────────────┼────────┼─────────────────┼─────────┤
│ usr/local/jetty/lib/infinispan-common-11.0.20.jar                                │  jar   │        0        │    -    │
├──────────────────────────────────────────────────────────────────────────────────┼────────┼─────────────────┼─────────┤
│ usr/local/jetty/lib/infinispan-embedded-query-11.0.20.jar                        │  jar   │        0        │    -    │
├──────────────────────────────────────────────────────────────────────────────────┼────────┼─────────────────┼─────────┤
│ usr/local/jetty/lib/infinispan-remote-query-11.0.20.jar                          │  jar   │        0        │    -    │
├──────────────────────────────────────────────────────────────────────────────────┼────────┼─────────────────┼─────────┤
│ usr/local/jetty/lib/jakarta.transaction-api-2.0.0.jar                            │  jar   │        0        │    -    │
├──────────────────────────────────────────────────────────────────────────────────┼────────┼─────────────────┼─────────┤
│ usr/local/jetty/lib/jaspi/jakarta.authentication-api-2.0.0.jar                   │  jar   │        0        │    -    │
├──────────────────────────────────────────────────────────────────────────────────┼────────┼─────────────────┼─────────┤
│ usr/local/jetty/lib/jetty-alpn-client-11.0.20.jar                                │  jar   │        0        │    -    │
├──────────────────────────────────────────────────────────────────────────────────┼────────┼─────────────────┼─────────┤
│ usr/local/jetty/lib/jetty-alpn-conscrypt-server-11.0.20.jar                      │  jar   │        0        │    -    │
├──────────────────────────────────────────────────────────────────────────────────┼────────┼─────────────────┼─────────┤
│ usr/local/jetty/lib/jetty-alpn-java-server-11.0.20.jar                           │  jar   │        0        │    -    │
├──────────────────────────────────────────────────────────────────────────────────┼────────┼─────────────────┼─────────┤
│ usr/local/jetty/lib/jetty-alpn-server-11.0.20.jar                                │  jar   │        0        │    -    │
├──────────────────────────────────────────────────────────────────────────────────┼────────┼─────────────────┼─────────┤
│ usr/local/jetty/lib/jetty-annotations-11.0.20.jar                                │  jar   │        0        │    -    │
├──────────────────────────────────────────────────────────────────────────────────┼────────┼─────────────────┼─────────┤
│ usr/local/jetty/lib/jetty-cdi-11.0.20.jar                                        │  jar   │        0        │    -    │
├──────────────────────────────────────────────────────────────────────────────────┼────────┼─────────────────┼─────────┤
│ usr/local/jetty/lib/jetty-client-11.0.20.jar                                     │  jar   │        0        │    -    │
├──────────────────────────────────────────────────────────────────────────────────┼────────┼─────────────────┼─────────┤
│ usr/local/jetty/lib/jetty-deploy-11.0.20.jar                                     │  jar   │        0        │    -    │
├──────────────────────────────────────────────────────────────────────────────────┼────────┼─────────────────┼─────────┤
│ usr/local/jetty/lib/jetty-gcloud-session-manager-11.0.20.jar                     │  jar   │        0        │    -    │
├──────────────────────────────────────────────────────────────────────────────────┼────────┼─────────────────┼─────────┤
│ usr/local/jetty/lib/jetty-hazelcast-11.0.20.jar                                  │  jar   │        0        │    -    │
├──────────────────────────────────────────────────────────────────────────────────┼────────┼─────────────────┼─────────┤
│ usr/local/jetty/lib/jetty-http-11.0.20.jar                                       │  jar   │        1        │    -    │
├──────────────────────────────────────────────────────────────────────────────────┼────────┼─────────────────┼─────────┤
│ usr/local/jetty/lib/jetty-io-11.0.20.jar                                         │  jar   │        0        │    -    │
├──────────────────────────────────────────────────────────────────────────────────┼────────┼─────────────────┼─────────┤
│ usr/local/jetty/lib/jetty-jaas-11.0.20.jar                                       │  jar   │        0        │    -    │
├──────────────────────────────────────────────────────────────────────────────────┼────────┼─────────────────┼─────────┤
│ usr/local/jetty/lib/jetty-jakarta-servlet-api-5.0.2.jar                          │  jar   │        0        │    -    │
├──────────────────────────────────────────────────────────────────────────────────┼────────┼─────────────────┼─────────┤
│ usr/local/jetty/lib/jetty-jaspi-11.0.20.jar                                      │  jar   │        0        │    -    │
├──────────────────────────────────────────────────────────────────────────────────┼────────┼─────────────────┼─────────┤
│ usr/local/jetty/lib/jetty-jmx-11.0.20.jar                                        │  jar   │        0        │    -    │
├──────────────────────────────────────────────────────────────────────────────────┼────────┼─────────────────┼─────────┤
│ usr/local/jetty/lib/jetty-jndi-11.0.20.jar                                       │  jar   │        0        │    -    │
├──────────────────────────────────────────────────────────────────────────────────┼────────┼─────────────────┼─────────┤
│ usr/local/jetty/lib/jetty-keystore-11.0.20.jar                                   │  jar   │        0        │    -    │
├──────────────────────────────────────────────────────────────────────────────────┼────────┼─────────────────┼─────────┤
│ usr/local/jetty/lib/jetty-memcached-sessions-11.0.20.jar                         │  jar   │        0        │    -    │
├──────────────────────────────────────────────────────────────────────────────────┼────────┼─────────────────┼─────────┤
│ usr/local/jetty/lib/jetty-nosql-11.0.20.jar                                      │  jar   │        0        │    -    │
├──────────────────────────────────────────────────────────────────────────────────┼────────┼─────────────────┼─────────┤
│ usr/local/jetty/lib/jetty-openid-11.0.20.jar                                     │  jar   │        0        │    -    │
├──────────────────────────────────────────────────────────────────────────────────┼────────┼─────────────────┼─────────┤
│ usr/local/jetty/lib/jetty-plus-11.0.20.jar                                       │  jar   │        0        │    -    │
├──────────────────────────────────────────────────────────────────────────────────┼────────┼─────────────────┼─────────┤
│ usr/local/jetty/lib/jetty-proxy-11.0.20.jar                                      │  jar   │        0        │    -    │
├──────────────────────────────────────────────────────────────────────────────────┼────────┼─────────────────┼─────────┤
│ usr/local/jetty/lib/jetty-quickstart-11.0.20.jar                                 │  jar   │        0        │    -    │
├──────────────────────────────────────────────────────────────────────────────────┼────────┼─────────────────┼─────────┤
│ usr/local/jetty/lib/jetty-rewrite-11.0.20.jar                                    │  jar   │        0        │    -    │
├──────────────────────────────────────────────────────────────────────────────────┼────────┼─────────────────┼─────────┤
│ usr/local/jetty/lib/jetty-security-11.0.20.jar                                   │  jar   │        0        │    -    │
├──────────────────────────────────────────────────────────────────────────────────┼────────┼─────────────────┼─────────┤
│ usr/local/jetty/lib/jetty-server-11.0.20.jar                                     │  jar   │        1        │    -    │
├──────────────────────────────────────────────────────────────────────────────────┼────────┼─────────────────┼─────────┤
│ usr/local/jetty/lib/jetty-servlet-11.0.20.jar                                    │  jar   │        0        │    -    │
├──────────────────────────────────────────────────────────────────────────────────┼────────┼─────────────────┼─────────┤
│ usr/local/jetty/lib/jetty-servlets-11.0.20.jar                                   │  jar   │        0        │    -    │
├──────────────────────────────────────────────────────────────────────────────────┼────────┼─────────────────┼─────────┤
│ usr/local/jetty/lib/jetty-unixdomain-server-11.0.20.jar                          │  jar   │        0        │    -    │
├──────────────────────────────────────────────────────────────────────────────────┼────────┼─────────────────┼─────────┤
│ usr/local/jetty/lib/jetty-unixsocket-common-11.0.20.jar                          │  jar   │        0        │    -    │
├──────────────────────────────────────────────────────────────────────────────────┼────────┼─────────────────┼─────────┤
│ usr/local/jetty/lib/jetty-unixsocket-server-11.0.20.jar                          │  jar   │        0        │    -    │
├──────────────────────────────────────────────────────────────────────────────────┼────────┼─────────────────┼─────────┤
│ usr/local/jetty/lib/jetty-util-11.0.20.jar                                       │  jar   │        0        │    -    │
├──────────────────────────────────────────────────────────────────────────────────┼────────┼─────────────────┼─────────┤
│ usr/local/jetty/lib/jetty-util-ajax-11.0.20.jar                                  │  jar   │        0        │    -    │
├──────────────────────────────────────────────────────────────────────────────────┼────────┼─────────────────┼─────────┤
│ usr/local/jetty/lib/jetty-webapp-11.0.20.jar                                     │  jar   │        0        │    -    │
├──────────────────────────────────────────────────────────────────────────────────┼────────┼─────────────────┼─────────┤
│ usr/local/jetty/lib/jetty-xml-11.0.20.jar                                        │  jar   │        0        │    -    │
├──────────────────────────────────────────────────────────────────────────────────┼────────┼─────────────────┼─────────┤
│ usr/local/jetty/lib/logging/jetty-slf4j-impl-11.0.20.jar                         │  jar   │        0        │    -    │
├──────────────────────────────────────────────────────────────────────────────────┼────────┼─────────────────┼─────────┤
│ usr/local/jetty/lib/logging/slf4j-api-2.0.9.jar                                  │  jar   │        0        │    -    │
├──────────────────────────────────────────────────────────────────────────────────┼────────┼─────────────────┼─────────┤
│ usr/local/jetty/lib/setuid/jetty-setuid-java-1.0.4.jar                           │  jar   │        0        │    -    │
├──────────────────────────────────────────────────────────────────────────────────┼────────┼─────────────────┼─────────┤
│ usr/local/jetty/lib/websocket/jetty-jakarta-websocket-api-2.0.0.jar              │  jar   │        0        │    -    │
├──────────────────────────────────────────────────────────────────────────────────┼────────┼─────────────────┼─────────┤
│ usr/local/jetty/lib/websocket/websocket-core-client-11.0.20.jar                  │  jar   │        0        │    -    │
├──────────────────────────────────────────────────────────────────────────────────┼────────┼─────────────────┼─────────┤
│ usr/local/jetty/lib/websocket/websocket-core-common-11.0.20.jar                  │  jar   │        0        │    -    │
├──────────────────────────────────────────────────────────────────────────────────┼────────┼─────────────────┼─────────┤
│ usr/local/jetty/lib/websocket/websocket-core-server-11.0.20.jar                  │  jar   │        0        │    -    │
├──────────────────────────────────────────────────────────────────────────────────┼────────┼─────────────────┼─────────┤
│ usr/local/jetty/lib/websocket/websocket-jakarta-client-11.0.20.jar               │  jar   │        0        │    -    │
├──────────────────────────────────────────────────────────────────────────────────┼────────┼─────────────────┼─────────┤
│ usr/local/jetty/lib/websocket/websocket-jakarta-common-11.0.20.jar               │  jar   │        0        │    -    │
├──────────────────────────────────────────────────────────────────────────────────┼────────┼─────────────────┼─────────┤
│ usr/local/jetty/lib/websocket/websocket-jakarta-server-11.0.20.jar               │  jar   │        0        │    -    │
├──────────────────────────────────────────────────────────────────────────────────┼────────┼─────────────────┼─────────┤
│ usr/local/jetty/lib/websocket/websocket-jetty-api-11.0.20.jar                    │  jar   │        0        │    -    │
├──────────────────────────────────────────────────────────────────────────────────┼────────┼─────────────────┼─────────┤
│ usr/local/jetty/lib/websocket/websocket-jetty-client-11.0.20.jar                 │  jar   │        0        │    -    │
├──────────────────────────────────────────────────────────────────────────────────┼────────┼─────────────────┼─────────┤
│ usr/local/jetty/lib/websocket/websocket-jetty-common-11.0.20.jar                 │  jar   │        0        │    -    │
├──────────────────────────────────────────────────────────────────────────────────┼────────┼─────────────────┼─────────┤
│ usr/local/jetty/lib/websocket/websocket-jetty-server-11.0.20.jar                 │  jar   │        0        │    -    │
├──────────────────────────────────────────────────────────────────────────────────┼────────┼─────────────────┼─────────┤
│ usr/local/jetty/lib/websocket/websocket-servlet-11.0.20.jar                      │  jar   │        0        │    -    │
├──────────────────────────────────────────────────────────────────────────────────┼────────┼─────────────────┼─────────┤
│ usr/local/jetty/start.jar                                                        │  jar   │        0        │    -    │
├──────────────────────────────────────────────────────────────────────────────────┼────────┼─────────────────┼─────────┤
│ var/lib/jetty/webapps/ROOT.war                                                   │  jar   │        4        │    -    │
└──────────────────────────────────────────────────────────────────────────────────┴────────┴─────────────────┴─────────┘
Legend:
- '-': Not scanned
- '0': Clean (no security findings detected)


For OSS Maintainers: VEX Notice
--------------------------------
If you're an OSS maintainer and Trivy has detected vulnerabilities in your project that you believe are not actually exploitable, consider issuing a VEX (Vulnerability Exploitability eXchange) statement.
VEX allows you to communicate the actual status of vulnerabilities in your project, improving security transparency and reducing false positives for your users.
Learn more and start using VEX: https://trivy.dev/v0.64/docs/supply-chain/vex/repo#publishing-vex-documents

To disable this notice, set the TRIVY_DISABLE_VEX_NOTICE environment variable.


docker.io/universalresolver/driver-did-dns (alpine 3.19.1)
==========================================================
Total: 63 (UNKNOWN: 2, LOW: 6, MEDIUM: 44, HIGH: 9, CRITICAL: 2)

┌───────────────┬────────────────┬──────────┬────────┬──────────────────────┬──────────────────────┬──────────────────────────────────────────────────────────────┐
│    Library    │ Vulnerability  │ Severity │ Status │  Installed Version   │    Fixed Version     │                            Title                             │
├───────────────┼────────────────┼──────────┼────────┼──────────────────────┼──────────────────────┼──────────────────────────────────────────────────────────────┤
│ busybox       │ CVE-2023-42363 │ MEDIUM   │ fixed  │ 1.36.1-r15           │ 1.36.1-r17           │ busybox: use-after-free in awk                               │
│               │                │          │        │                      │                      │ https://avd.aquasec.com/nvd/cve-2023-42363                   │
│               ├────────────────┤          │        │                      ├──────────────────────┼──────────────────────────────────────────────────────────────┤
│               │ CVE-2023-42364 │          │        │                      │ 1.36.1-r19           │ busybox: use-after-free                                      │
│               │                │          │        │                      │                      │ https://avd.aquasec.com/nvd/cve-2023-42364                   │
│               ├────────────────┤          │        │                      │                      ├──────────────────────────────────────────────────────────────┤
│               │ CVE-2023-42365 │          │        │                      │                      │ busybox: use-after-free                                      │
│               │                │          │        │                      │                      │ https://avd.aquasec.com/nvd/cve-2023-42365                   │
│               ├────────────────┤          │        │                      ├──────────────────────┼──────────────────────────────────────────────────────────────┤
│               │ CVE-2023-42366 │          │        │                      │ 1.36.1-r16           │ busybox: A heap-buffer-overflow                              │
│               │                │          │        │                      │                      │ https://avd.aquasec.com/nvd/cve-2023-42366                   │
├───────────────┼────────────────┤          │        │                      ├──────────────────────┼──────────────────────────────────────────────────────────────┤
│ busybox-binsh │ CVE-2023-42363 │          │        │                      │ 1.36.1-r17           │ busybox: use-after-free in awk                               │
│               │                │          │        │                      │                      │ https://avd.aquasec.com/nvd/cve-2023-42363                   │
│               ├────────────────┤          │        │                      ├──────────────────────┼──────────────────────────────────────────────────────────────┤
│               │ CVE-2023-42364 │          │        │                      │ 1.36.1-r19           │ busybox: use-after-free                                      │
│               │                │          │        │                      │                      │ https://avd.aquasec.com/nvd/cve-2023-42364                   │
│               ├────────────────┤          │        │                      │                      ├──────────────────────────────────────────────────────────────┤
│               │ CVE-2023-42365 │          │        │                      │                      │ busybox: use-after-free                                      │
│               │                │          │        │                      │                      │ https://avd.aquasec.com/nvd/cve-2023-42365                   │
│               ├────────────────┤          │        │                      ├──────────────────────┼──────────────────────────────────────────────────────────────┤
│               │ CVE-2023-42366 │          │        │                      │ 1.36.1-r16           │ busybox: A heap-buffer-overflow                              │
│               │                │          │        │                      │                      │ https://avd.aquasec.com/nvd/cve-2023-42366                   │
├───────────────┼────────────────┼──────────┤        ├──────────────────────┼──────────────────────┼──────────────────────────────────────────────────────────────┤
│ curl          │ CVE-2024-2398  │ HIGH     │        │ 8.5.0-r0             │ 8.7.1-r0             │ curl: HTTP/2 push headers memory-leak                        │
│               │                │          │        │                      │                      │ https://avd.aquasec.com/nvd/cve-2024-2398                    │
│               ├────────────────┤          │        │                      ├──────────────────────┼──────────────────────────────────────────────────────────────┤
│               │ CVE-2024-6197  │          │        │                      │ 8.9.0-r0             │ curl: freeing stack buffer in utf8asn1str                    │
│               │                │          │        │                      │                      │ https://avd.aquasec.com/nvd/cve-2024-6197                    │
│               ├────────────────┼──────────┤        │                      ├──────────────────────┼──────────────────────────────────────────────────────────────┤
│               │ CVE-2024-0853  │ MEDIUM   │        │                      │ 8.6.0-r0             │ curl: OCSP verification bypass with TLS session reuse        │
│               │                │          │        │                      │                      │ https://avd.aquasec.com/nvd/cve-2024-0853                    │
│               ├────────────────┤          │        │                      ├──────────────────────┼──────────────────────────────────────────────────────────────┤
│               │ CVE-2024-11053 │          │        │                      │ 8.11.1-r0            │ curl: curl netrc password leak                               │
│               │                │          │        │                      │                      │ https://avd.aquasec.com/nvd/cve-2024-11053                   │
│               ├────────────────┤          │        │                      ├──────────────────────┼──────────────────────────────────────────────────────────────┤
│               │ CVE-2024-2004  │          │        │                      │ 8.7.1-r0             │ curl: Usage of disabled protocol                             │
│               │                │          │        │                      │                      │ https://avd.aquasec.com/nvd/cve-2024-2004                    │
│               ├────────────────┤          │        │                      │                      ├──────────────────────────────────────────────────────────────┤
│               │ CVE-2024-2379  │          │        │                      │                      │ curl: QUIC certificate check bypass with wolfSSL             │
│               │                │          │        │                      │                      │ https://avd.aquasec.com/nvd/cve-2024-2379                    │
│               ├────────────────┤          │        │                      │                      ├──────────────────────────────────────────────────────────────┤
│               │ CVE-2024-2466  │          │        │                      │                      │ curl: TLS certificate check bypass with mbedTLS              │
│               │                │          │        │                      │                      │ https://avd.aquasec.com/nvd/cve-2024-2466                    │
│               ├────────────────┤          │        │                      ├──────────────────────┼──────────────────────────────────────────────────────────────┤
│               │ CVE-2024-6874  │          │        │                      │ 8.9.0-r0             │ curl: macidn punycode buffer overread                        │
│               │                │          │        │                      │                      │ https://avd.aquasec.com/nvd/cve-2024-6874                    │
│               ├────────────────┤          │        │                      ├──────────────────────┼──────────────────────────────────────────────────────────────┤
│               │ CVE-2024-7264  │          │        │                      │ 8.9.1-r0             │ curl: libcurl: ASN.1 date parser overread                    │
│               │                │          │        │                      │                      │ https://avd.aquasec.com/nvd/cve-2024-7264                    │
│               ├────────────────┤          │        │                      ├──────────────────────┼──────────────────────────────────────────────────────────────┤
│               │ CVE-2024-8096  │          │        │                      │ 8.10.0-r0            │ curl: OCSP stapling bypass with GnuTLS                       │
│               │                │          │        │                      │                      │ https://avd.aquasec.com/nvd/cve-2024-8096                    │
│               ├────────────────┤          │        │                      ├──────────────────────┼──────────────────────────────────────────────────────────────┤
│               │ CVE-2024-9681  │          │        │                      │ 8.11.0-r0            │ curl: HSTS subdomain overwrites parent cache entry           │
│               │                │          │        │                      │                      │ https://avd.aquasec.com/nvd/cve-2024-9681                    │
│               ├────────────────┤          │        │                      ├──────────────────────┼──────────────────────────────────────────────────────────────┤
│               │ CVE-2025-0665  │          │        │                      │ 8.12.0-r0            │ libcurl: Double Close of Eventfd in libcurl                  │
│               │                │          │        │                      │                      │ https://avd.aquasec.com/nvd/cve-2025-0665                    │
│               ├────────────────┤          │        │                      │                      ├──────────────────────────────────────────────────────────────┤
│               │ CVE-2025-0725  │          │        │                      │                      │ libcurl: Buffer Overflow in libcurl via zlib Integer         │
│               │                │          │        │                      │                      │ Overflow                                                     │
│               │                │          │        │                      │                      │ https://avd.aquasec.com/nvd/cve-2025-0725                    │
│               ├────────────────┼──────────┤        │                      │                      ├──────────────────────────────────────────────────────────────┤
│               │ CVE-2025-0167  │ LOW      │        │                      │                      │ When asked to use a `.netrc` file for credentials **and** to │
│               │                │          │        │                      │                      │ follow...                                                    │
│               │                │          │        │                      │                      │ https://avd.aquasec.com/nvd/cve-2025-0167                    │
├───────────────┼────────────────┼──────────┤        ├──────────────────────┼──────────────────────┼──────────────────────────────────────────────────────────────┤
│ libcrypto3    │ CVE-2024-6119  │ HIGH     │        │ 3.1.4-r5             │ 3.1.7-r0             │ openssl: Possible denial of service in X.509 name checks     │
│               │                │          │        │                      │                      │ https://avd.aquasec.com/nvd/cve-2024-6119                    │
│               ├────────────────┼──────────┤        │                      ├──────────────────────┼──────────────────────────────────────────────────────────────┤
│               │ CVE-2024-13176 │ MEDIUM   │        │                      │ 3.1.8-r0             │ openssl: Timing side-channel in ECDSA signature computation  │
│               │                │          │        │                      │                      │ https://avd.aquasec.com/nvd/cve-2024-13176                   │
│               ├────────────────┤          │        │                      ├──────────────────────┼──────────────────────────────────────────────────────────────┤
│               │ CVE-2024-4603  │          │        │                      │ 3.1.5-r0             │ openssl: Excessive time spent checking DSA keys and          │
│               │                │          │        │                      │                      │ parameters                                                   │
│               │                │          │        │                      │                      │ https://avd.aquasec.com/nvd/cve-2024-4603                    │
│               ├────────────────┤          │        │                      ├──────────────────────┼──────────────────────────────────────────────────────────────┤
│               │ CVE-2024-4741  │          │        │                      │ 3.1.6-r0             │ openssl: Use After Free with SSL_free_buffers                │
│               │                │          │        │                      │                      │ https://avd.aquasec.com/nvd/cve-2024-4741                    │
│               ├────────────────┤          │        │                      │                      ├──────────────────────────────────────────────────────────────┤
│               │ CVE-2024-5535  │          │        │                      │                      │ openssl: SSL_select_next_proto buffer overread               │
│               │                │          │        │                      │                      │ https://avd.aquasec.com/nvd/cve-2024-5535                    │
│               ├────────────────┼──────────┤        │                      ├──────────────────────┼──────────────────────────────────────────────────────────────┤
│               │ CVE-2024-2511  │ LOW      │        │                      │ 3.1.4-r6             │ openssl: Unbounded memory growth with session handling in    │
│               │                │          │        │                      │                      │ TLSv1.3                                                      │
│               │                │          │        │                      │                      │ https://avd.aquasec.com/nvd/cve-2024-2511                    │
│               ├────────────────┤          │        │                      ├──────────────────────┼──────────────────────────────────────────────────────────────┤
│               │ CVE-2024-9143  │          │        │                      │ 3.1.7-r1             │ openssl: Low-level invalid GF(2^m) parameters lead to OOB    │
│               │                │          │        │                      │                      │ memory access                                                │
│               │                │          │        │                      │                      │ https://avd.aquasec.com/nvd/cve-2024-9143                    │
├───────────────┼────────────────┼──────────┤        ├──────────────────────┼──────────────────────┼──────────────────────────────────────────────────────────────┤
│ libcurl       │ CVE-2024-2398  │ HIGH     │        │ 8.5.0-r0             │ 8.7.1-r0             │ curl: HTTP/2 push headers memory-leak                        │
│               │                │          │        │                      │                      │ https://avd.aquasec.com/nvd/cve-2024-2398                    │
│               ├────────────────┤          │        │                      ├──────────────────────┼──────────────────────────────────────────────────────────────┤
│               │ CVE-2024-6197  │          │        │                      │ 8.9.0-r0             │ curl: freeing stack buffer in utf8asn1str                    │
│               │                │          │        │                      │                      │ https://avd.aquasec.com/nvd/cve-2024-6197                    │
│               ├────────────────┼──────────┤        │                      ├──────────────────────┼──────────────────────────────────────────────────────────────┤
│               │ CVE-2024-0853  │ MEDIUM   │        │                      │ 8.6.0-r0             │ curl: OCSP verification bypass with TLS session reuse        │
│               │                │          │        │                      │                      │ https://avd.aquasec.com/nvd/cve-2024-0853                    │
│               ├────────────────┤          │        │                      ├──────────────────────┼──────────────────────────────────────────────────────────────┤
│               │ CVE-2024-11053 │          │        │                      │ 8.11.1-r0            │ curl: curl netrc password leak                               │
│               │                │          │        │                      │                      │ https://avd.aquasec.com/nvd/cve-2024-11053                   │
│               ├────────────────┤          │        │                      ├──────────────────────┼──────────────────────────────────────────────────────────────┤
│               │ CVE-2024-2004  │          │        │                      │ 8.7.1-r0             │ curl: Usage of disabled protocol                             │
│               │                │          │        │                      │                      │ https://avd.aquasec.com/nvd/cve-2024-2004                    │
│               ├────────────────┤          │        │                      │                      ├──────────────────────────────────────────────────────────────┤
│               │ CVE-2024-2379  │          │        │                      │                      │ curl: QUIC certificate check bypass with wolfSSL             │
│               │                │          │        │                      │                      │ https://avd.aquasec.com/nvd/cve-2024-2379                    │
│               ├────────────────┤          │        │                      │                      ├──────────────────────────────────────────────────────────────┤
│               │ CVE-2024-2466  │          │        │                      │                      │ curl: TLS certificate check bypass with mbedTLS              │
│               │                │          │        │                      │                      │ https://avd.aquasec.com/nvd/cve-2024-2466                    │
│               ├────────────────┤          │        │                      ├──────────────────────┼──────────────────────────────────────────────────────────────┤
│               │ CVE-2024-6874  │          │        │                      │ 8.9.0-r0             │ curl: macidn punycode buffer overread                        │
│               │                │          │        │                      │                      │ https://avd.aquasec.com/nvd/cve-2024-6874                    │
│               ├────────────────┤          │        │                      ├──────────────────────┼──────────────────────────────────────────────────────────────┤
│               │ CVE-2024-7264  │          │        │                      │ 8.9.1-r0             │ curl: libcurl: ASN.1 date parser overread                    │
│               │                │          │        │                      │                      │ https://avd.aquasec.com/nvd/cve-2024-7264                    │
│               ├────────────────┤          │        │                      ├──────────────────────┼──────────────────────────────────────────────────────────────┤
│               │ CVE-2024-8096  │          │        │                      │ 8.10.0-r0            │ curl: OCSP stapling bypass with GnuTLS                       │
│               │                │          │        │                      │                      │ https://avd.aquasec.com/nvd/cve-2024-8096                    │
│               ├────────────────┤          │        │                      ├──────────────────────┼──────────────────────────────────────────────────────────────┤
│               │ CVE-2024-9681  │          │        │                      │ 8.11.0-r0            │ curl: HSTS subdomain overwrites parent cache entry           │
│               │                │          │        │                      │                      │ https://avd.aquasec.com/nvd/cve-2024-9681                    │
│               ├────────────────┤          │        │                      ├──────────────────────┼──────────────────────────────────────────────────────────────┤
│               │ CVE-2025-0665  │          │        │                      │ 8.12.0-r0            │ libcurl: Double Close of Eventfd in libcurl                  │
│               │                │          │        │                      │                      │ https://avd.aquasec.com/nvd/cve-2025-0665                    │
│               ├────────────────┤          │        │                      │                      ├──────────────────────────────────────────────────────────────┤
│               │ CVE-2025-0725  │          │        │                      │                      │ libcurl: Buffer Overflow in libcurl via zlib Integer         │
│               │                │          │        │                      │                      │ Overflow                                                     │
│               │                │          │        │                      │                      │ https://avd.aquasec.com/nvd/cve-2025-0725                    │
│               ├────────────────┼──────────┤        │                      │                      ├──────────────────────────────────────────────────────────────┤
│               │ CVE-2025-0167  │ LOW      │        │                      │                      │ When asked to use a `.netrc` file for credentials **and** to │
│               │                │          │        │                      │                      │ follow...                                                    │
│               │                │          │        │                      │                      │ https://avd.aquasec.com/nvd/cve-2025-0167                    │
├───────────────┼────────────────┼──────────┤        ├──────────────────────┼──────────────────────┼──────────────────────────────────────────────────────────────┤
│ libexpat      │ CVE-2024-45491 │ CRITICAL │        │ 2.6.2-r0             │ 2.6.3-r0             │ libexpat: Integer Overflow or Wraparound                     │
│               │                │          │        │                      │                      │ https://avd.aquasec.com/nvd/cve-2024-45491                   │
│               ├────────────────┤          │        │                      │                      ├──────────────────────────────────────────────────────────────┤
│               │ CVE-2024-45492 │          │        │                      │                      │ libexpat: integer overflow                                   │
│               │                │          │        │                      │                      │ https://avd.aquasec.com/nvd/cve-2024-45492                   │
│               ├────────────────┼──────────┤        │                      │                      ├──────────────────────────────────────────────────────────────┤
│               │ CVE-2024-45490 │ HIGH     │        │                      │                      │ libexpat: Negative Length Parsing Vulnerability in libexpat  │
│               │                │          │        │                      │                      │ https://avd.aquasec.com/nvd/cve-2024-45490                   │
│               ├────────────────┤          │        │                      ├──────────────────────┼──────────────────────────────────────────────────────────────┤
│               │ CVE-2024-8176  │          │        │                      │ 2.7.0-r0             │ libexpat: expat: Improper Restriction of XML Entity          │
│               │                │          │        │                      │                      │ Expansion Depth in libexpat                                  │
│               │                │          │        │                      │                      │ https://avd.aquasec.com/nvd/cve-2024-8176                    │
│               ├────────────────┼──────────┤        │                      ├──────────────────────┼──────────────────────────────────────────────────────────────┤
│               │ CVE-2024-50602 │ MEDIUM   │        │                      │ 2.6.4-r0             │ libexpat: expat: DoS via XML_ResumeParser                    │
│               │                │          │        │                      │                      │ https://avd.aquasec.com/nvd/cve-2024-50602                   │
├───────────────┼────────────────┼──────────┤        ├──────────────────────┼──────────────────────┼──────────────────────────────────────────────────────────────┤
│ libssl3       │ CVE-2024-6119  │ HIGH     │        │ 3.1.4-r5             │ 3.1.7-r0             │ openssl: Possible denial of service in X.509 name checks     │
│               │                │          │        │                      │                      │ https://avd.aquasec.com/nvd/cve-2024-6119                    │
│               ├────────────────┼──────────┤        │                      ├──────────────────────┼──────────────────────────────────────────────────────────────┤
│               │ CVE-2024-13176 │ MEDIUM   │        │                      │ 3.1.8-r0             │ openssl: Timing side-channel in ECDSA signature computation  │
│               │                │          │        │                      │                      │ https://avd.aquasec.com/nvd/cve-2024-13176                   │
│               ├────────────────┤          │        │                      ├──────────────────────┼──────────────────────────────────────────────────────────────┤
│               │ CVE-2024-4603  │          │        │                      │ 3.1.5-r0             │ openssl: Excessive time spent checking DSA keys and          │
│               │                │          │        │                      │                      │ parameters                                                   │
│               │                │          │        │                      │                      │ https://avd.aquasec.com/nvd/cve-2024-4603                    │
│               ├────────────────┤          │        │                      ├──────────────────────┼──────────────────────────────────────────────────────────────┤
│               │ CVE-2024-4741  │          │        │                      │ 3.1.6-r0             │ openssl: Use After Free with SSL_free_buffers                │
│               │                │          │        │                      │                      │ https://avd.aquasec.com/nvd/cve-2024-4741                    │
│               ├────────────────┤          │        │                      │                      ├──────────────────────────────────────────────────────────────┤
│               │ CVE-2024-5535  │          │        │                      │                      │ openssl: SSL_select_next_proto buffer overread               │
│               │                │          │        │                      │                      │ https://avd.aquasec.com/nvd/cve-2024-5535                    │
│               ├────────────────┼──────────┤        │                      ├──────────────────────┼──────────────────────────────────────────────────────────────┤
│               │ CVE-2024-2511  │ LOW      │        │                      │ 3.1.4-r6             │ openssl: Unbounded memory growth with session handling in    │
│               │                │          │        │                      │                      │ TLSv1.3                                                      │
│               │                │          │        │                      │                      │ https://avd.aquasec.com/nvd/cve-2024-2511                    │
│               ├────────────────┤          │        │                      ├──────────────────────┼──────────────────────────────────────────────────────────────┤
│               │ CVE-2024-9143  │          │        │                      │ 3.1.7-r1             │ openssl: Low-level invalid GF(2^m) parameters lead to OOB    │
│               │                │          │        │                      │                      │ memory access                                                │
│               │                │          │        │                      │                      │ https://avd.aquasec.com/nvd/cve-2024-9143                    │
├───────────────┼────────────────┼──────────┤        ├──────────────────────┼──────────────────────┼──────────────────────────────────────────────────────────────┤
│ libtasn1      │ CVE-2024-12133 │ MEDIUM   │        │ 4.19.0-r2            │ 4.20.0-r0            │ libtasn1: Inefficient DER Decoding in libtasn1 Leading to    │
│               │                │          │        │                      │                      │ Potential Remote DoS                                         │
│               │                │          │        │                      │                      │ https://avd.aquasec.com/nvd/cve-2024-12133                   │
├───────────────┼────────────────┼──────────┤        ├──────────────────────┼──────────────────────┼──────────────────────────────────────────────────────────────┤
│ musl          │ CVE-2025-26519 │ UNKNOWN  │        │ 1.2.4_git20230717-r4 │ 1.2.4_git20230717-r5 │ musl libc 0.9.13 through 1.2.5 before 1.2.6 has an           │
│               │                │          │        │                      │                      │ out-of-bounds write ......                                   │
│               │                │          │        │                      │                      │ https://avd.aquasec.com/nvd/cve-2025-26519                   │
├───────────────┤                │          │        │                      │                      │                                                              │
│ musl-utils    │                │          │        │                      │                      │                                                              │
│               │                │          │        │                      │                      │                                                              │
│               │                │          │        │                      │                      │                                                              │
├───────────────┼────────────────┼──────────┤        ├──────────────────────┼──────────────────────┼──────────────────────────────────────────────────────────────┤
│ sqlite-libs   │ CVE-2025-29087 │ HIGH     │        │ 3.44.2-r0            │ 3.44.2-r1            │ sqlite: Integer Overflow in SQLite concat_ws Function        │
│               │                │          │        │                      │                      │ https://avd.aquasec.com/nvd/cve-2025-29087                   │
├───────────────┼────────────────┼──────────┤        ├──────────────────────┼──────────────────────┼──────────────────────────────────────────────────────────────┤
│ ssl_client    │ CVE-2023-42363 │ MEDIUM   │        │ 1.36.1-r15           │ 1.36.1-r17           │ busybox: use-after-free in awk                               │
│               │                │          │        │                      │                      │ https://avd.aquasec.com/nvd/cve-2023-42363                   │
│               ├────────────────┤          │        │                      ├──────────────────────┼──────────────────────────────────────────────────────────────┤
│               │ CVE-2023-42364 │          │        │                      │ 1.36.1-r19           │ busybox: use-after-free                                      │
│               │                │          │        │                      │                      │ https://avd.aquasec.com/nvd/cve-2023-42364                   │
│               ├────────────────┤          │        │                      │                      ├──────────────────────────────────────────────────────────────┤
│               │ CVE-2023-42365 │          │        │                      │                      │ busybox: use-after-free                                      │
│               │                │          │        │                      │                      │ https://avd.aquasec.com/nvd/cve-2023-42365                   │
│               ├────────────────┤          │        │                      ├──────────────────────┼──────────────────────────────────────────────────────────────┤
│               │ CVE-2023-42366 │          │        │                      │ 1.36.1-r16           │ busybox: A heap-buffer-overflow                              │
│               │                │          │        │                      │                      │ https://avd.aquasec.com/nvd/cve-2023-42366                   │
└───────────────┴────────────────┴──────────┴────────┴──────────────────────┴──────────────────────┴──────────────────────────────────────────────────────────────┘

Java (jar)
==========
Total: 6 (UNKNOWN: 0, LOW: 0, MEDIUM: 5, HIGH: 1, CRITICAL: 0)

┌───────────────────────────────────────────────────────────┬────────────────┬──────────┬────────┬───────────────────┬──────────────────────────────────┬──────────────────────────────────────────────────────────────┐
│                          Library                          │ Vulnerability  │ Severity │ Status │ Installed Version │          Fixed Version           │                            Title                             │
├───────────────────────────────────────────────────────────┼────────────────┼──────────┼────────┼───────────────────┼──────────────────────────────────┼──────────────────────────────────────────────────────────────┤
│ dnsjava:dnsjava (ROOT.war)                                │ CVE-2024-25638 │ HIGH     │ fixed  │ 3.4.3             │ 3.6.0                            │ dnsjava: Improper response validation allowing DNSSEC bypass │
│                                                           │                │          │        │                   │                                  │ https://avd.aquasec.com/nvd/cve-2024-25638                   │
├───────────────────────────────────────────────────────────┼────────────────┼──────────┤        ├───────────────────┼──────────────────────────────────┼──────────────────────────────────────────────────────────────┤
│ org.eclipse.jetty:jetty-http (jetty-http-11.0.20.jar)     │ CVE-2024-6763  │ MEDIUM   │        │ 11.0.20           │ 12.0.12                          │ org.eclipse.jetty:jetty-http: jetty: Jetty URI parsing of    │
│                                                           │                │          │        │                   │                                  │ invalid authority                                            │
│                                                           │                │          │        │                   │                                  │ https://avd.aquasec.com/nvd/cve-2024-6763                    │
├───────────────────────────────────────────────────────────┼────────────────┤          │        │                   ├──────────────────────────────────┼──────────────────────────────────────────────────────────────┤
│ org.eclipse.jetty:jetty-server (jetty-server-11.0.20.jar) │ CVE-2024-8184  │          │        │                   │ 12.0.9, 10.0.24, 11.0.24, 9.4.56 │ org.eclipse.jetty:jetty-server: jetty: Jetty                 │
│                                                           │                │          │        │                   │                                  │ ThreadLimitHandler.getRemote() vulnerable to remote DoS      │
│                                                           │                │          │        │                   │                                  │ attacks                                                      │
│                                                           │                │          │        │                   │                                  │ https://avd.aquasec.com/nvd/cve-2024-8184                    │
├───────────────────────────────────────────────────────────┼────────────────┤          │        ├───────────────────┼──────────────────────────────────┼──────────────────────────────────────────────────────────────┤
│ org.springframework:spring-web (ROOT.war)                 │ CVE-2024-38809 │          │        │ 6.1.6             │ 5.3.38, 6.0.23, 6.1.12           │ org.springframework:spring-web: Spring Framework DoS via     │
│                                                           │                │          │        │                   │                                  │ conditional HTTP request                                     │
│                                                           │                │          │        │                   │                                  │ https://avd.aquasec.com/nvd/cve-2024-38809                   │
│                                                           ├────────────────┤          │        │                   ├──────────────────────────────────┼──────────────────────────────────────────────────────────────┤
│                                                           │ CVE-2024-38820 │          │        │                   │ 6.1.14                           │ The fix for CVE-2022-22968 made disallowedFieldspatterns in  │
│                                                           │                │          │        │                   │                                  │ DataBinder ...                                               │
│                                                           │                │          │        │                   │                                  │ https://avd.aquasec.com/nvd/cve-2024-38820                   │
│                                                           ├────────────────┤          │        │                   ├──────────────────────────────────┼──────────────────────────────────────────────────────────────┤
│                                                           │ CVE-2025-41234 │          │        │                   │ 6.2.8, 6.1.21                    │ springframework: Reflected download attack in Spring         │
│                                                           │                │          │        │                   │                                  │ Framework with non-ASCII headers                             │
│                                                           │                │          │        │                   │                                  │ https://avd.aquasec.com/nvd/cve-2025-41234                   │
└───────────────────────────────────────────────────────────┴────────────────┴──────────┴────────┴───────────────────┴──────────────────────────────────┴──────────────────────────────────────────────────────────────┘
